<?xml version="1.0" encoding="UTF-8"?>
<!-- Generated by org.testng.reporters.JUnitXMLReporter -->
<testsuite ignored="0" hostname="user-PC" failures="0" tests="11" name="Make_Appointment Test" time="14.362" errors="0" timestamp="2024-02-07T12:07:07 IST">
  <testcase classname="testcases.Make_Appointment" name="SelectFaculty" time="1.861"/>
  <testcase classname="testcases.Make_Appointment" name="ApplyCheckbox" time="0.306"/>
  <testcase classname="testcases.Make_Appointment" name="SelectHealthProgram" time="1.81"/>
  <testcase classname="testcases.Make_Appointment" name="AppointmentDate" time="0.749"/>
  <testcase classname="testcases.Make_Appointment" name="comment" time="1.553"/>
  <testcase classname="testcases.Make_Appointment" name="BooKAppointment" time="1.676"/>
  <testcase classname="testcases.Make_Appointment" name="Confirmation" time="0.222"/>
  <testcase classname="testcases.Make_Appointment" name="Menu" time="0.449"/>
  <testcase classname="testcases.Make_Appointment" name="history" time="1.485"/>
  <testcase classname="testcases.Make_Appointment" name="Historyrecord" time="1.094"/>
  <testcase classname="testcases.Make_Appointment" name="logout" time="3.022"/>
</testsuite> <!-- Make_Appointment Test -->
