<?xml version="1.0" encoding="UTF-8"?>
<testng-results ignored="0" total="13" passed="13" failed="0" skipped="0">
  <reporter-output>
  </reporter-output>
  <suite started-at="2024-02-07T12:06:39 IST" name="Cura HealthCare services Suite" finished-at="2024-02-07T12:07:07 IST" duration-ms="27622">
    <groups>
    </groups>
    <test started-at="2024-02-07T12:06:39 IST" name="Login Test" finished-at="2024-02-07T12:06:51 IST" duration-ms="11582">
      <class name="testcases.LoginTheApp">
        <test-method signature="Appointment()[pri:0, instance:testcases.LoginTheApp@15ff3e9e]" started-at="2024-02-07T12:06:39 IST" name="Appointment" finished-at="2024-02-07T12:06:43 IST" duration-ms="3740" status="PASS">
          <reporter-output>
          </reporter-output>
        </test-method> <!-- Appointment -->
        <test-method signature="login()[pri:0, instance:testcases.LoginTheApp@15ff3e9e]" started-at="2024-02-07T12:06:43 IST" name="login" finished-at="2024-02-07T12:06:51 IST" duration-ms="7321" status="PASS">
          <reporter-output>
          </reporter-output>
        </test-method> <!-- login -->
      </class> <!-- testcases.LoginTheApp -->
    </test> <!-- Login Test -->
    <test started-at="2024-02-07T12:06:52 IST" name="Make_Appointment Test" finished-at="2024-02-07T12:07:07 IST" duration-ms="14362">
      <class name="testcases.Make_Appointment">
        <test-method is-config="true" signature="launchBrowser()[pri:0, instance:testcases.Make_Appointment@7f3b84b8]" started-at="2024-02-07T12:05:45 IST" name="launchBrowser" finished-at="2024-02-07T12:06:39 IST" duration-ms="53641" status="PASS">
          <reporter-output>
          </reporter-output>
        </test-method> <!-- launchBrowser -->
        <test-method signature="SelectFaculty()[pri:0, instance:testcases.Make_Appointment@7f3b84b8]" started-at="2024-02-07T12:06:52 IST" name="SelectFaculty" finished-at="2024-02-07T12:06:54 IST" duration-ms="1861" status="PASS">
          <reporter-output>
          </reporter-output>
        </test-method> <!-- SelectFaculty -->
        <test-method signature="ApplyCheckbox()[pri:0, instance:testcases.Make_Appointment@7f3b84b8]" started-at="2024-02-07T12:06:54 IST" name="ApplyCheckbox" finished-at="2024-02-07T12:06:54 IST" depends-on-methods="testcases.Make_Appointment.SelectFaculty" duration-ms="306" status="PASS">
          <reporter-output>
          </reporter-output>
        </test-method> <!-- ApplyCheckbox -->
        <test-method signature="SelectHealthProgram()[pri:0, instance:testcases.Make_Appointment@7f3b84b8]" started-at="2024-02-07T12:06:54 IST" name="SelectHealthProgram" finished-at="2024-02-07T12:06:56 IST" depends-on-methods="testcases.Make_Appointment.ApplyCheckbox" duration-ms="1810" status="PASS">
          <reporter-output>
          </reporter-output>
        </test-method> <!-- SelectHealthProgram -->
        <test-method signature="AppointmentDate()[pri:0, instance:testcases.Make_Appointment@7f3b84b8]" started-at="2024-02-07T12:06:56 IST" name="AppointmentDate" finished-at="2024-02-07T12:06:57 IST" depends-on-methods="testcases.Make_Appointment.SelectHealthProgram" duration-ms="749" status="PASS">
          <reporter-output>
          </reporter-output>
        </test-method> <!-- AppointmentDate -->
        <test-method signature="comment()[pri:0, instance:testcases.Make_Appointment@7f3b84b8]" started-at="2024-02-07T12:06:57 IST" name="comment" finished-at="2024-02-07T12:06:59 IST" depends-on-methods="testcases.Make_Appointment.AppointmentDate" duration-ms="1553" status="PASS">
          <reporter-output>
          </reporter-output>
        </test-method> <!-- comment -->
        <test-method signature="BooKAppointment()[pri:0, instance:testcases.Make_Appointment@7f3b84b8]" started-at="2024-02-07T12:06:59 IST" name="BooKAppointment" finished-at="2024-02-07T12:07:00 IST" depends-on-methods="testcases.Make_Appointment.comment" duration-ms="1676" status="PASS">
          <reporter-output>
          </reporter-output>
        </test-method> <!-- BooKAppointment -->
        <test-method signature="Confirmation()[pri:0, instance:testcases.Make_Appointment@7f3b84b8]" started-at="2024-02-07T12:07:00 IST" name="Confirmation" finished-at="2024-02-07T12:07:00 IST" depends-on-methods="testcases.Make_Appointment.BooKAppointment" duration-ms="222" status="PASS">
          <reporter-output>
          </reporter-output>
        </test-method> <!-- Confirmation -->
        <test-method signature="Menu()[pri:0, instance:testcases.Make_Appointment@7f3b84b8]" started-at="2024-02-07T12:07:00 IST" name="Menu" finished-at="2024-02-07T12:07:01 IST" depends-on-methods="testcases.Make_Appointment.Confirmation" duration-ms="449" status="PASS">
          <reporter-output>
          </reporter-output>
        </test-method> <!-- Menu -->
        <test-method signature="history()[pri:0, instance:testcases.Make_Appointment@7f3b84b8]" started-at="2024-02-07T12:07:01 IST" name="history" finished-at="2024-02-07T12:07:02 IST" depends-on-methods="testcases.Make_Appointment.Menu" duration-ms="1485" status="PASS">
          <reporter-output>
          </reporter-output>
        </test-method> <!-- history -->
        <test-method signature="Historyrecord()[pri:0, instance:testcases.Make_Appointment@7f3b84b8]" started-at="2024-02-07T12:07:02 IST" name="Historyrecord" finished-at="2024-02-07T12:07:04 IST" depends-on-methods="testcases.Make_Appointment.history" duration-ms="1094" status="PASS">
          <reporter-output>
          </reporter-output>
        </test-method> <!-- Historyrecord -->
        <test-method signature="logout()[pri:0, instance:testcases.Make_Appointment@7f3b84b8]" started-at="2024-02-07T12:07:04 IST" name="logout" finished-at="2024-02-07T12:07:07 IST" depends-on-methods="testcases.Make_Appointment.Historyrecord" duration-ms="3022" status="PASS">
          <reporter-output>
          </reporter-output>
        </test-method> <!-- logout -->
        <test-method is-config="true" signature="TearDown()[pri:0, instance:testcases.Make_Appointment@7f3b84b8]" started-at="2024-02-07T12:07:07 IST" name="TearDown" finished-at="2024-02-07T12:07:07 IST" duration-ms="0" status="PASS">
          <reporter-output>
          </reporter-output>
        </test-method> <!-- TearDown -->
      </class> <!-- testcases.Make_Appointment -->
    </test> <!-- Make_Appointment Test -->
  </suite> <!-- Cura HealthCare services Suite -->
</testng-results>
